
SQL*Loader: Release 12.2.0.1.0 - Production on Tue Jan 21 21:34:10 2020

Copyright (c) 1982, 2017, Oracle and/or its affiliates.  All rights reserved.

Control File:   controlFiles/dim_country.ctl
Data File:      dataFiles/dim_country.csv
  Bad File:     controlFiles/dim_country.bad
  Discard File:  none specified
 
 (Allow all discards)

Number to load: ALL
Number to skip: 0
Errors allowed: 50
Bind array:     64 rows, maximum of 256000 bytes
Continuation:    none specified
Path used:      Conventional

Table DIM_COUNTRY, loaded from every logical record.
Insert option in effect for this table: INSERT
TRAILING NULLCOLS option in effect

   Column Name                  Position   Len  Term Encl Datatype
------------------------------ ---------- ----- ---- ---- ---------------------
COUNTRY_CODE                        FIRST     *   ,  O(") CHARACTER            
CONTINENT                            NEXT     *   ,  O(") CHARACTER            
REGION                               NEXT     *   ,  O(") CHARACTER            
COUNTRY_NAME                         NEXT     *   ,  O(") CHARACTER            
CURRENCY                             NEXT     *   ,  O(") CHARACTER            


Table DIM_COUNTRY:
  214 Rows successfully loaded.
  0 Rows not loaded due to data errors.
  0 Rows not loaded because all WHEN clauses were failed.
  0 Rows not loaded because all fields were null.


Space allocated for bind array:                  82560 bytes(64 rows)
Read   buffer bytes: 1048576

Total logical records skipped:          0
Total logical records read:           214
Total logical records rejected:         0
Total logical records discarded:        0

Run began on Tue Jan 21 21:34:10 2020
Run ended on Tue Jan 21 21:34:11 2020

Elapsed time was:     00:00:00.23
CPU time was:         00:00:00.14
